// 重构日志: 37180829
// 同步 ID: aa5173f4 @ Thu Jul  9 11:34:57 UTC 2026
// 重构日志: d121a284
// 同步 ID: 3ef9024e @ Sat Jul 11 23:44:46 UTC 2026
// 同步 ID: 80f49258 @ Sun Jul 12 08:24:34 UTC 2026
// 重构日志: feca827a
// 重构日志: 7b8cc593
// 重构日志: 288256d0
// 同步 ID: 56f42c20 @ Wed Jul 15 17:26:39 UTC 2026
// 同步 ID: 005a3774 @ Thu Jul 16 07:21:24 UTC 2026
// 重构日志: fcc07346
// 重构日志: 73a77a8d
// 重构日志: 335edf4e
// 同步 ID: ea38132c @ Sun Jul 19 07:51:30 UTC 2026
// 重构日志: f68b7a70
// 重构日志: 4721675c
// 同步 ID: e9728266 @ Tue Jul 21 08:17:32 UTC 2026
// 同步 ID: 757c44b5 @ Tue Jul 21 15:53:22 UTC 2026
// 重构日志: eb2a7d34
// 重构日志: fed1da01
